c:\users\dennis\desktop\mpi_program\mpi_program\x64\debug\vc143.pdb
c:\users\dennis\desktop\mpi_program\mpi_program\x64\debug\vc143.idb
c:\users\dennis\desktop\mpi_program\mpi_program\x64\debug\mpi.obj
c:\users\dennis\desktop\mpi_program\mpi_program\x64\debug\source.obj
c:\users\dennis\desktop\mpi_program\mpi_program\x64\debug\thread.obj
c:\users\dennis\desktop\mpi_program\x64\debug\mpi_program.exe
c:\users\dennis\desktop\mpi_program\mpi_program\x64\debug\mpi_program.ilk
c:\users\dennis\desktop\mpi_program\x64\debug\mpi_program.pdb
c:\users\dennis\documents\github\parallelprocessing_gaussianbluronctscan\mpi_program\mpi_program\x64\debug\mpi.obj
c:\users\dennis\documents\github\parallelprocessing_gaussianbluronctscan\mpi_program\mpi_program\x64\debug\source.obj
c:\users\dennis\documents\github\parallelprocessing_gaussianbluronctscan\mpi_program\mpi_program\x64\debug\thread.obj
c:\users\dennis\documents\github\parallelprocessing_gaussianbluronctscan\mpi_program\mpi_program\x64\debug\mpi.obj.enc
c:\users\dennis\documents\github\parallelprocessing_gaussianbluronctscan\mpi_program\mpi_program\x64\debug\mpi_program.ilk
c:\users\dennis\documents\github\parallelprocessing_gaussianbluronctscan\mpi_program\mpi_program\x64\debug\vc143.idb
c:\users\dennis\documents\github\parallelprocessing_gaussianbluronctscan\mpi_program\mpi_program\x64\debug\vc143.pdb
c:\users\dennis\documents\github\parallelprocessing_gaussianbluronctscan\mpi_program\x64\debug\mpi_program.pdb
c:\users\dennis\documents\github\parallelprocessing_gaussianbluronctscan\mpi_program\x64\debug\mpi_program.exe
c:\users\dennis\documents\github\parallelprocessing_gaussianbluronctscan\mpi_program\mpi_program\x64\debug\mpi_program.tlog\cl.command.1.tlog
c:\users\dennis\documents\github\parallelprocessing_gaussianbluronctscan\mpi_program\mpi_program\x64\debug\mpi_program.tlog\cl.read.1.tlog
c:\users\dennis\documents\github\parallelprocessing_gaussianbluronctscan\mpi_program\mpi_program\x64\debug\mpi_program.tlog\cl.write.1.tlog
c:\users\dennis\documents\github\parallelprocessing_gaussianbluronctscan\mpi_program\mpi_program\x64\debug\mpi_program.tlog\link.command.1.tlog
c:\users\dennis\documents\github\parallelprocessing_gaussianbluronctscan\mpi_program\mpi_program\x64\debug\mpi_program.tlog\link.read.1.tlog
c:\users\dennis\documents\github\parallelprocessing_gaussianbluronctscan\mpi_program\mpi_program\x64\debug\mpi_program.tlog\link.write.1.tlog
